{
  meta: {
    req: {
      url: '/categoty',
      headers: {
        'content-type': 'application/json',
        'user-agent': 'PostmanRuntime/7.43.0',
        accept: '*/*',
        'cache-control': 'no-cache',
        'postman-token': 'f8bff5b0-71bd-4b3d-b7a1-7f6301d91b1a',
        host: 'localhost:5000',
        'accept-encoding': 'gzip, deflate, br',
        connection: 'keep-alive',
        'content-length': '55'
      },
      method: 'POST',
      httpVersion: '1.1',
      originalUrl: '/categoty',
      query: {}
    },
    res: { statusCode: 404 },
    responseTime: 1
  },
  level: 'warn',
  message: 'POST /categoty 404 1ms',
  label: 'right meow!',
  timestamp: '2025-02-22 13:14:55'
}
{
  meta: {
    req: {
      url: '/categoty',
      headers: {
        'content-type': 'application/json',
        'user-agent': 'PostmanRuntime/7.43.0',
        accept: '*/*',
        'cache-control': 'no-cache',
        'postman-token': 'aaaf7882-c610-4ca0-89d7-31039e4f9ab8',
        host: 'localhost:5000',
        'accept-encoding': 'gzip, deflate, br',
        connection: 'keep-alive',
        'content-length': '55'
      },
      method: 'POST',
      httpVersion: '1.1',
      originalUrl: '/categoty',
      query: {}
    },
    res: { statusCode: 404 },
    responseTime: 0
  },
  level: 'warn',
  message: 'POST /categoty 404 0ms',
  label: 'right meow!',
  timestamp: '2025-02-22 13:16:41'
}
{
  meta: {
    req: {
      url: '/category',
      headers: {
        'content-type': 'application/json',
        'user-agent': 'PostmanRuntime/7.43.0',
        accept: '*/*',
        'cache-control': 'no-cache',
        'postman-token': 'f27f6e40-3202-407c-935d-e2a500e50d5e',
        host: 'localhost:5000',
        'accept-encoding': 'gzip, deflate, br',
        connection: 'keep-alive',
        'content-length': '55'
      },
      method: 'POST',
      httpVersion: '1.1',
      originalUrl: '/category',
      query: {}
    },
    res: { statusCode: 401 },
    responseTime: 4
  },
  level: 'warn',
  message: 'POST /category 401 4ms',
  label: 'right meow!',
  timestamp: '2025-02-22 13:18:00'
}
{
  meta: {
    req: {
      url: '/category',
      headers: {
        'content-type': 'application/json',
        'user-agent': 'PostmanRuntime/7.43.0',
        accept: '*/*',
        'cache-control': 'no-cache',
        'postman-token': '968c8932-c9e2-442b-9fd0-0881e6807183',
        host: 'localhost:5000',
        'accept-encoding': 'gzip, deflate, br',
        connection: 'keep-alive',
        'content-length': '55'
      },
      method: 'POST',
      httpVersion: '1.1',
      originalUrl: '/category',
      query: {}
    },
    res: { statusCode: 401 },
    responseTime: 0
  },
  level: 'warn',
  message: 'POST /category 401 0ms',
  label: 'right meow!',
  timestamp: '2025-02-22 13:54:05'
}
{
  meta: {
    req: {
      url: '/category',
      headers: {
        'content-type': 'application/json',
        'user-agent': 'PostmanRuntime/7.43.0',
        accept: '*/*',
        'cache-control': 'no-cache',
        'postman-token': '184e78d9-8cd9-493d-a4d3-add2980882bf',
        host: 'localhost:5000',
        'accept-encoding': 'gzip, deflate, br',
        connection: 'keep-alive',
        'content-length': '55'
      },
      method: 'POST',
      httpVersion: '1.1',
      originalUrl: '/category',
      query: {}
    },
    res: { statusCode: 400 },
    responseTime: 10
  },
  level: 'warn',
  message: 'POST /category 400 10ms',
  label: 'right meow!',
  timestamp: '2025-02-22 13:54:24'
}
{
  meta: {
    req: {
      url: '/category',
      headers: {
        'content-type': 'application/json',
        'user-agent': 'PostmanRuntime/7.43.0',
        accept: '*/*',
        'cache-control': 'no-cache',
        'postman-token': 'd38b2219-cd97-445d-84df-6e9ab952c529',
        host: 'localhost:5000',
        'accept-encoding': 'gzip, deflate, br',
        connection: 'keep-alive',
        'content-length': '55'
      },
      method: 'POST',
      httpVersion: '1.1',
      originalUrl: '/category',
      query: {}
    },
    res: { statusCode: 400 },
    responseTime: 9
  },
  level: 'warn',
  message: 'POST /category 400 9ms',
  label: 'right meow!',
  timestamp: '2025-02-22 13:55:39'
}
{
  meta: {
    req: {
      url: '/category',
      headers: {
        'content-type': 'application/json',
        'user-agent': 'PostmanRuntime/7.43.0',
        accept: '*/*',
        'cache-control': 'no-cache',
        'postman-token': '1da2054f-2bdf-45ab-88f8-4a6167df24a1',
        host: 'localhost:5000',
        'accept-encoding': 'gzip, deflate, br',
        connection: 'keep-alive',
        'content-length': '55'
      },
      method: 'POST',
      httpVersion: '1.1',
      originalUrl: '/category',
      query: {}
    },
    res: { statusCode: 200 },
    responseTime: 42
  },
  level: 'info',
  message: 'POST /category 200 42ms',
  label: 'right meow!',
  timestamp: '2025-02-22 15:01:05'
}
{
  meta: {
    req: {
      url: '/categoty/1',
      headers: {
        'content-type': 'application/json',
        'user-agent': 'PostmanRuntime/7.43.0',
        accept: '*/*',
        'cache-control': 'no-cache',
        'postman-token': '915dd8e6-e61b-45e3-887d-a1de83c07f19',
        host: 'localhost:5000',
        'accept-encoding': 'gzip, deflate, br',
        connection: 'keep-alive',
        'content-length': '59'
      },
      method: 'POST',
      httpVersion: '1.1',
      originalUrl: '/categoty/1',
      query: {}
    },
    res: { statusCode: 404 },
    responseTime: 2
  },
  level: 'warn',
  message: 'POST /categoty/1 404 2ms',
  label: 'right meow!',
  timestamp: '2025-02-22 15:02:48'
}
{
  meta: {
    req: {
      url: '/category/1',
      headers: {
        'content-type': 'application/json',
        'user-agent': 'PostmanRuntime/7.43.0',
        accept: '*/*',
        'cache-control': 'no-cache',
        'postman-token': '7034f37f-db08-4d28-b4f2-7d2076780b38',
        host: 'localhost:5000',
        'accept-encoding': 'gzip, deflate, br',
        connection: 'keep-alive',
        'content-length': '59'
      },
      method: 'POST',
      httpVersion: '1.1',
      originalUrl: '/category/1',
      query: {}
    },
    res: { statusCode: 200 },
    responseTime: 49
  },
  level: 'info',
  message: 'POST /category/1 200 49ms',
  label: 'right meow!',
  timestamp: '2025-02-22 15:03:01'
}
{
  meta: {
    req: {
      url: '/category',
      headers: {
        'user-agent': 'PostmanRuntime/7.43.0',
        accept: '*/*',
        'cache-control': 'no-cache',
        'postman-token': '91347a60-5efd-40c4-ba3f-89334b7d4509',
        host: 'localhost:5000',
        'accept-encoding': 'gzip, deflate, br',
        connection: 'keep-alive'
      },
      method: 'GET',
      httpVersion: '1.1',
      originalUrl: '/category',
      query: {}
    },
    res: { statusCode: 200 },
    responseTime: 13
  },
  level: 'info',
  message: 'GET /category 200 13ms',
  label: 'right meow!',
  timestamp: '2025-02-22 15:03:29'
}
{
  meta: {
    req: {
      url: '/category/1',
      headers: {
        'user-agent': 'PostmanRuntime/7.43.0',
        accept: '*/*',
        'cache-control': 'no-cache',
        'postman-token': '95624bfe-2c46-4fd9-b2f7-6db9736065ed',
        host: 'localhost:5000',
        'accept-encoding': 'gzip, deflate, br',
        connection: 'keep-alive'
      },
      method: 'GET',
      httpVersion: '1.1',
      originalUrl: '/category/1',
      query: {}
    },
    res: { statusCode: 200 },
    responseTime: 18
  },
  level: 'info',
  message: 'GET /category/1 200 18ms',
  label: 'right meow!',
  timestamp: '2025-02-22 15:04:15'
}
{
  meta: {
    req: {
      url: '/category/2',
      headers: {
        'user-agent': 'PostmanRuntime/7.43.0',
        accept: '*/*',
        'cache-control': 'no-cache',
        'postman-token': '5f9a0e12-2437-4895-9ab6-4ace65441cfe',
        host: 'localhost:5000',
        'accept-encoding': 'gzip, deflate, br',
        connection: 'keep-alive'
      },
      method: 'GET',
      httpVersion: '1.1',
      originalUrl: '/category/2',
      query: {}
    },
    res: { statusCode: 200 },
    responseTime: 6
  },
  level: 'info',
  message: 'GET /category/2 200 6ms',
  label: 'right meow!',
  timestamp: '2025-02-22 15:04:23'
}
{
  meta: {
    req: {
      url: '/category/2',
      headers: {
        'user-agent': 'PostmanRuntime/7.43.0',
        accept: '*/*',
        'cache-control': 'no-cache',
        'postman-token': 'e9551e81-89cf-4984-8555-79a3ed890ce0',
        host: 'localhost:5000',
        'accept-encoding': 'gzip, deflate, br',
        connection: 'keep-alive'
      },
      method: 'DELETE',
      httpVersion: '1.1',
      originalUrl: '/category/2',
      query: {}
    },
    res: { statusCode: 401 },
    responseTime: 1
  },
  level: 'warn',
  message: 'DELETE /category/2 401 1ms',
  label: 'right meow!',
  timestamp: '2025-02-22 15:04:41'
}
{
  meta: {
    req: {
      url: '/category/2',
      headers: {
        'user-agent': 'PostmanRuntime/7.43.0',
        accept: '*/*',
        'cache-control': 'no-cache',
        'postman-token': '94d778e3-fed6-4fa2-93ee-5543f2e9852a',
        host: 'localhost:5000',
        'accept-encoding': 'gzip, deflate, br',
        connection: 'keep-alive'
      },
      method: 'DELETE',
      httpVersion: '1.1',
      originalUrl: '/category/2',
      query: {}
    },
    res: { statusCode: 200 },
    responseTime: 37
  },
  level: 'info',
  message: 'DELETE /category/2 200 37ms',
  label: 'right meow!',
  timestamp: '2025-02-22 15:05:28'
}
{
  meta: {
    req: {
      url: '/category',
      headers: {
        'user-agent': 'PostmanRuntime/7.43.0',
        accept: '*/*',
        'cache-control': 'no-cache',
        'postman-token': '73196c0b-b3f6-47f7-94ee-806e4f4603d4',
        host: 'localhost:5000',
        'accept-encoding': 'gzip, deflate, br',
        connection: 'keep-alive'
      },
      method: 'GET',
      httpVersion: '1.1',
      originalUrl: '/category',
      query: {}
    },
    res: { statusCode: 200 },
    responseTime: 8
  },
  level: 'info',
  message: 'GET /category 200 8ms',
  label: 'right meow!',
  timestamp: '2025-02-22 15:05:33'
}
{
  meta: {
    req: {
      url: '/category/1',
      headers: {
        'content-type': 'application/json',
        'user-agent': 'PostmanRuntime/7.43.0',
        accept: '*/*',
        'cache-control': 'no-cache',
        'postman-token': '032cf7f7-b0ac-41cd-ad4b-b7dcf0d91316',
        host: 'localhost:5000',
        'accept-encoding': 'gzip, deflate, br',
        connection: 'keep-alive',
        'content-length': '59'
      },
      method: 'POST',
      httpVersion: '1.1',
      originalUrl: '/category/1',
      query: {}
    },
    res: { statusCode: 200 },
    responseTime: 24
  },
  level: 'info',
  message: 'POST /category/1 200 24ms',
  label: 'right meow!',
  timestamp: '2025-02-22 15:05:41'
}
{
  meta: {
    req: {
      url: '/category',
      headers: {
        'user-agent': 'PostmanRuntime/7.43.0',
        accept: '*/*',
        'cache-control': 'no-cache',
        'postman-token': '1b327ecd-9368-4e24-9ba9-d0bafb098b95',
        host: 'localhost:5000',
        'accept-encoding': 'gzip, deflate, br',
        connection: 'keep-alive'
      },
      method: 'GET',
      httpVersion: '1.1',
      originalUrl: '/category',
      query: {}
    },
    res: { statusCode: 200 },
    responseTime: 4
  },
  level: 'info',
  message: 'GET /category 200 4ms',
  label: 'right meow!',
  timestamp: '2025-02-22 15:05:44'
}
{
  meta: {
    req: {
      url: '/category/3',
      headers: {
        'content-type': 'application/json',
        'user-agent': 'PostmanRuntime/7.43.0',
        accept: '*/*',
        'cache-control': 'no-cache',
        'postman-token': 'e3db2bf4-2725-43e4-8643-6879b249cd85',
        host: 'localhost:5000',
        'accept-encoding': 'gzip, deflate, br',
        connection: 'keep-alive',
        'content-length': '65'
      },
      method: 'PUT',
      httpVersion: '1.1',
      originalUrl: '/category/3',
      query: {}
    },
    res: { statusCode: 401 },
    responseTime: 1
  },
  level: 'warn',
  message: 'PUT /category/3 401 1ms',
  label: 'right meow!',
  timestamp: '2025-02-22 15:07:10'
}
{
  meta: {
    req: {
      url: '/category/3',
      headers: {
        'content-type': 'application/json',
        'user-agent': 'PostmanRuntime/7.43.0',
        accept: '*/*',
        'cache-control': 'no-cache',
        'postman-token': '0def7cbb-7db6-425d-bd14-7779faa1136d',
        host: 'localhost:5000',
        'accept-encoding': 'gzip, deflate, br',
        connection: 'keep-alive',
        'content-length': '65'
      },
      method: 'PUT',
      httpVersion: '1.1',
      originalUrl: '/category/3',
      query: {}
    },
    res: { statusCode: 200 },
    responseTime: 37
  },
  level: 'info',
  message: 'PUT /category/3 200 37ms',
  label: 'right meow!',
  timestamp: '2025-02-22 15:07:27'
}
{
  meta: {
    req: {
      url: '/category',
      headers: {
        'user-agent': 'PostmanRuntime/7.43.0',
        accept: '*/*',
        'cache-control': 'no-cache',
        'postman-token': '4682ff68-38dd-43f5-8bd7-fb8bf0bb78a1',
        host: 'localhost:5000',
        'accept-encoding': 'gzip, deflate, br',
        connection: 'keep-alive'
      },
      method: 'GET',
      httpVersion: '1.1',
      originalUrl: '/category',
      query: {}
    },
    res: { statusCode: 200 },
    responseTime: 13
  },
  level: 'info',
  message: 'GET /category 200 13ms',
  label: 'right meow!',
  timestamp: '2025-02-22 15:07:37'
}
{
  meta: {
    req: {
      url: '/category/1',
      headers: {
        'content-type': 'application/json',
        'user-agent': 'PostmanRuntime/7.43.0',
        accept: '*/*',
        'cache-control': 'no-cache',
        'postman-token': '7ecbc2b1-a3a0-41b1-96b5-1580a76a9a57',
        host: 'localhost:5000',
        'accept-encoding': 'gzip, deflate, br',
        connection: 'keep-alive',
        'content-length': '60'
      },
      method: 'POST',
      httpVersion: '1.1',
      originalUrl: '/category/1',
      query: {}
    },
    res: { statusCode: 401 },
    responseTime: 4
  },
  level: 'warn',
  message: 'POST /category/1 401 4ms',
  label: 'right meow!',
  timestamp: '2025-02-23 10:53:59'
}
{
  meta: {
    req: {
      url: '/category/1',
      headers: {
        'content-type': 'application/json',
        'user-agent': 'PostmanRuntime/7.43.0',
        accept: '*/*',
        'cache-control': 'no-cache',
        'postman-token': 'fd4b8193-ba8f-4e72-ad9e-446b95249cdb',
        host: 'localhost:5000',
        'accept-encoding': 'gzip, deflate, br',
        connection: 'keep-alive',
        'content-length': '60'
      },
      method: 'POST',
      httpVersion: '1.1',
      originalUrl: '/category/1',
      query: {}
    },
    res: { statusCode: 400 },
    responseTime: 6
  },
  level: 'warn',
  message: 'POST /category/1 400 6ms',
  label: 'right meow!',
  timestamp: '2025-02-23 10:54:45'
}
{
  meta: {
    req: {
      url: '/category/1',
      headers: {
        'content-type': 'application/json',
        'user-agent': 'PostmanRuntime/7.43.0',
        accept: '*/*',
        'cache-control': 'no-cache',
        'postman-token': 'd1bacdef-3343-45a1-85dc-3ea92699264a',
        host: 'localhost:5000',
        'accept-encoding': 'gzip, deflate, br',
        connection: 'keep-alive',
        'content-length': '59'
      },
      method: 'POST',
      httpVersion: '1.1',
      originalUrl: '/category/1',
      query: {}
    },
    res: { statusCode: 200 },
    responseTime: 46
  },
  level: 'info',
  message: 'POST /category/1 200 46ms',
  label: 'right meow!',
  timestamp: '2025-02-23 10:55:14'
}
{
  meta: {
    req: {
      url: '/category/1',
      headers: {
        'content-type': 'application/json',
        authorization: 'Bearer eyJhbGciOiJIUzI1NiIsInR5cCI6IkpXVCJ9.eyJpZCI6NCwiZmlyc3ROYW1lIjoiYXNoa2FuIiwibGFzdE5hbWUiOiJyYW5qYmFyIiwiaXNCbG9ja2VkIjpmYWxzZSwiaWF0IjoxNzQwMzA3NDYyLCJleHAiOjE3NDAzMTEwNjJ9.YupRIzSkT7VmSOenDMFzpXBu2g68UKC55_xTrucamxk',
        'user-agent': 'PostmanRuntime/7.43.0',
        accept: '*/*',
        'cache-control': 'no-cache',
        'postman-token': 'dde66d86-a295-4b49-91d0-0b0711f1758f',
        host: 'localhost:5000',
        'accept-encoding': 'gzip, deflate, br',
        connection: 'keep-alive',
        'content-length': '59'
      },
      method: 'POST',
      httpVersion: '1.1',
      originalUrl: '/category/1',
      query: {}
    },
    res: { statusCode: 401 },
    responseTime: 13
  },
  level: 'warn',
  message: 'POST /category/1 401 13ms',
  label: 'right meow!',
  timestamp: '2025-02-23 14:21:31'
}
{
  meta: {
    req: {
      url: '/category/1',
      headers: {
        'content-type': 'application/json',
        authorization: 'Bearer eyJhbGciOiJIUzI1NiIsInR5cCI6IkpXVCJ9.eyJpZCI6NCwiZmlyc3ROYW1lIjoiYXNoa2FuIiwibGFzdE5hbWUiOiJyYW5qYmFyIiwiaXNCbG9ja2VkIjpmYWxzZSwiaWF0IjoxNzQwMzA3NDYyLCJleHAiOjE3NDAzMTEwNjJ9.YupRIzSkT7VmSOenDMFzpXBu2g68UKC55_xTrucamxk',
        'user-agent': 'PostmanRuntime/7.43.0',
        accept: '*/*',
        'cache-control': 'no-cache',
        'postman-token': '480c6984-e4be-4d26-a660-0157f8d4a456',
        host: 'localhost:5000',
        'accept-encoding': 'gzip, deflate, br',
        connection: 'keep-alive',
        'content-length': '59'
      },
      method: 'POST',
      httpVersion: '1.1',
      originalUrl: '/category/1',
      query: {}
    },
    res: { statusCode: 401 },
    responseTime: 15
  },
  level: 'warn',
  message: 'POST /category/1 401 15ms',
  label: 'right meow!',
  timestamp: '2025-02-23 14:22:34'
}
{
  meta: {
    req: {
      url: '/category/1',
      headers: {
        'content-type': 'application/json',
        authorization: 'Bearer eyJhbGciOiJIUzI1NiIsInR5cCI6IkpXVCJ9.eyJpZCI6NCwiZmlyc3ROYW1lIjoiYXNoa2FuIiwibGFzdE5hbWUiOiJyYW5qYmFyIiwiaXNCbG9ja2VkIjpmYWxzZSwiaWF0IjoxNzQwMzA3NDYyLCJleHAiOjE3NDAzMTEwNjJ9.YupRIzSkT7VmSOenDMFzpXBu2g68UKC55_xTrucamxk',
        'user-agent': 'PostmanRuntime/7.43.0',
        accept: '*/*',
        'cache-control': 'no-cache',
        'postman-token': '831b63f0-3e65-487c-ad6f-00a160a4b645',
        host: 'localhost:5000',
        'accept-encoding': 'gzip, deflate, br',
        connection: 'keep-alive',
        'content-length': '59'
      },
      method: 'POST',
      httpVersion: '1.1',
      originalUrl: '/category/1',
      query: {}
    },
    res: { statusCode: 401 },
    responseTime: 16
  },
  level: 'warn',
  message: 'POST /category/1 401 16ms',
  label: 'right meow!',
  timestamp: '2025-02-23 14:25:49'
}
{
  meta: {
    req: {
      url: '/category/1',
      headers: {
        'content-type': 'application/json',
        authorization: 'Bearer eyJhbGciOiJIUzI1NiIsInR5cCI6IkpXVCJ9.eyJpZCI6NCwiZmlyc3ROYW1lIjoiYXNoa2FuIiwibGFzdE5hbWUiOiJyYW5qYmFyIiwiaXNCbG9ja2VkIjpmYWxzZSwiaWF0IjoxNzQwMzA3NDYyLCJleHAiOjE3NDAzMTEwNjJ9.YupRIzSkT7VmSOenDMFzpXBu2g68UKC55_xTrucamxk',
        'user-agent': 'PostmanRuntime/7.43.0',
        accept: '*/*',
        'cache-control': 'no-cache',
        'postman-token': '166d04c6-5c21-441c-8176-d1ee6c1e0e30',
        host: 'localhost:5000',
        'accept-encoding': 'gzip, deflate, br',
        connection: 'keep-alive',
        'content-length': '59'
      },
      method: 'POST',
      httpVersion: '1.1',
      originalUrl: '/category/1',
      query: {}
    },
    res: { statusCode: 200 },
    responseTime: 58
  },
  level: 'info',
  message: 'POST /category/1 200 58ms',
  label: 'right meow!',
  timestamp: '2025-02-23 14:26:07'
}
{
  meta: {
    req: {
      url: '/products',
      headers: {
        'content-type': 'application/json',
        authorization: 'Bearer eyJhbGciOiJIUzI1NiIsInR5cCI6IkpXVCJ9.eyJpZCI6NCwiZmlyc3ROYW1lIjoiYXNoa2FuIiwibGFzdE5hbWUiOiJyYW5qYmFyIiwiaXNCbG9ja2VkIjpmYWxzZSwiaWF0IjoxNzQwMzA3NDYyLCJleHAiOjE3NDAzMTEwNjJ9.YupRIzSkT7VmSOenDMFzpXBu2g68UKC55_xTrucamxk',
        'user-agent': 'PostmanRuntime/7.43.0',
        accept: '*/*',
        'cache-control': 'no-cache',
        'postman-token': '1487ebf6-fa1b-4a80-bee7-ac1508656c09',
        host: 'localhost:5000',
        'accept-encoding': 'gzip, deflate, br',
        connection: 'keep-alive',
        'content-length': '516'
      },
      method: 'POST',
      httpVersion: '1.1',
      originalUrl: '/products',
      query: {}
    },
    res: { statusCode: 500 },
    responseTime: 52
  },
  level: 'error',
  message: 'POST /products 500 52ms',
  label: 'right meow!',
  timestamp: '2025-02-23 14:27:54'
}
{
  meta: {
    req: {
      url: '/category',
      headers: {
        'content-type': 'application/json',
        'user-agent': 'PostmanRuntime/7.43.0',
        accept: '*/*',
        'cache-control': 'no-cache',
        'postman-token': '7d276dcc-e920-446d-8938-06e9c5c7c62a',
        host: 'localhost:5000',
        'accept-encoding': 'gzip, deflate, br',
        connection: 'keep-alive',
        'content-length': '50'
      },
      method: 'POST',
      httpVersion: '1.1',
      originalUrl: '/category',
      query: {}
    },
    res: { statusCode: 401 },
    responseTime: 3
  },
  level: 'warn',
  message: 'POST /category 401 3ms',
  label: 'right meow!',
  timestamp: '2025-02-23 14:59:36'
}
{
  meta: {
    req: {
      url: '/category',
      headers: {
        'content-type': 'application/json',
        authorization: 'Bearer eyJhbGciOiJIUzI1NiIsInR5cCI6IkpXVCJ9.eyJpZCI6NCwiZmlyc3ROYW1lIjoiYXNoa2FuIiwibGFzdE5hbWUiOiJyYW5qYmFyIiwiaXNCbG9ja2VkIjpmYWxzZSwiaWF0IjoxNzQwMzA3NDYyLCJleHAiOjE3NDAzMTEwNjJ9.YupRIzSkT7VmSOenDMFzpXBu2g68UKC55_xTrucamxk',
        'user-agent': 'PostmanRuntime/7.43.0',
        accept: '*/*',
        'cache-control': 'no-cache',
        'postman-token': '76a04daa-6a81-4f33-ae29-5200d170b921',
        host: 'localhost:5000',
        'accept-encoding': 'gzip, deflate, br',
        connection: 'keep-alive',
        'content-length': '50'
      },
      method: 'POST',
      httpVersion: '1.1',
      originalUrl: '/category',
      query: {}
    },
    res: { statusCode: 200 },
    responseTime: 49
  },
  level: 'info',
  message: 'POST /category 200 49ms',
  label: 'right meow!',
  timestamp: '2025-02-23 14:59:45'
}
{
  meta: {
    req: {
      url: '/category/1',
      headers: {
        'content-type': 'application/json',
        authorization: 'Bearer eyJhbGciOiJIUzI1NiIsInR5cCI6IkpXVCJ9.eyJpZCI6NCwiZmlyc3ROYW1lIjoiYXNoa2FuIiwibGFzdE5hbWUiOiJyYW5qYmFyIiwiaXNCbG9ja2VkIjpmYWxzZSwiaWF0IjoxNzQwMzA3NDYyLCJleHAiOjE3NDAzMTEwNjJ9.YupRIzSkT7VmSOenDMFzpXBu2g68UKC55_xTrucamxk',
        'user-agent': 'PostmanRuntime/7.43.0',
        accept: '*/*',
        'cache-control': 'no-cache',
        'postman-token': '0e5dfe1f-d219-4a47-9c4b-93b4e0cf4e6c',
        host: 'localhost:5000',
        'accept-encoding': 'gzip, deflate, br',
        connection: 'keep-alive',
        'content-length': '72'
      },
      method: 'POST',
      httpVersion: '1.1',
      originalUrl: '/category/1',
      query: {}
    },
    res: { statusCode: 200 },
    responseTime: 39
  },
  level: 'info',
  message: 'POST /category/1 200 39ms',
  label: 'right meow!',
  timestamp: '2025-02-23 15:01:02'
}
{
  meta: {
    req: {
      url: '/category/2',
      headers: {
        'content-type': 'application/json',
        authorization: 'Bearer eyJhbGciOiJIUzI1NiIsInR5cCI6IkpXVCJ9.eyJpZCI6NCwiZmlyc3ROYW1lIjoiYXNoa2FuIiwibGFzdE5hbWUiOiJyYW5qYmFyIiwiaXNCbG9ja2VkIjpmYWxzZSwiaWF0IjoxNzQwMzA3NDYyLCJleHAiOjE3NDAzMTEwNjJ9.YupRIzSkT7VmSOenDMFzpXBu2g68UKC55_xTrucamxk',
        'user-agent': 'PostmanRuntime/7.43.0',
        accept: '*/*',
        'cache-control': 'no-cache',
        'postman-token': 'ef573031-5b85-4e0c-acda-aa250fa458d2',
        host: 'localhost:5000',
        'accept-encoding': 'gzip, deflate, br',
        connection: 'keep-alive',
        'content-length': '90'
      },
      method: 'POST',
      httpVersion: '1.1',
      originalUrl: '/category/2',
      query: {}
    },
    res: { statusCode: 200 },
    responseTime: 25
  },
  level: 'info',
  message: 'POST /category/2 200 25ms',
  label: 'right meow!',
  timestamp: '2025-02-23 15:01:51'
}
{
  meta: {
    req: {
      url: '/products',
      headers: {
        'content-type': 'application/json',
        authorization: 'Bearer eyJhbGciOiJIUzI1NiIsInR5cCI6IkpXVCJ9.eyJpZCI6NCwiZmlyc3ROYW1lIjoiYXNoa2FuIiwibGFzdE5hbWUiOiJyYW5qYmFyIiwiaXNCbG9ja2VkIjpmYWxzZSwiaWF0IjoxNzQwMzA3NDYyLCJleHAiOjE3NDAzMTEwNjJ9.YupRIzSkT7VmSOenDMFzpXBu2g68UKC55_xTrucamxk',
        'user-agent': 'PostmanRuntime/7.43.0',
        accept: '*/*',
        'cache-control': 'no-cache',
        'postman-token': '09ee676a-215a-4691-8b70-dc5db399c563',
        host: 'localhost:5000',
        'accept-encoding': 'gzip, deflate, br',
        connection: 'keep-alive',
        'content-length': '516'
      },
      method: 'POST',
      httpVersion: '1.1',
      originalUrl: '/products',
      query: {}
    },
    res: { statusCode: 401 },
    responseTime: 20
  },
  level: 'warn',
  message: 'POST /products 401 20ms',
  label: 'right meow!',
  timestamp: '2025-02-23 16:47:17'
}
{
  meta: {
    req: {
      url: '/products',
      headers: {
        'content-type': 'application/json',
        authorization: 'Bearer eyJhbGciOiJIUzI1NiIsInR5cCI6IkpXVCJ9.eyJpZCI6NCwiZmlyc3ROYW1lIjoiYXNoa2FuIiwibGFzdE5hbWUiOiJyYW5qYmFyIiwiaXNCbG9ja2VkIjpmYWxzZSwiaWF0IjoxNzQwMzE2NzAyLCJleHAiOjE3NDAzMjAzMDJ9.vNaB9URYVOkdmTQxp97MABQwId02JmtnSisT_dlkMtQ',
        'user-agent': 'PostmanRuntime/7.43.0',
        accept: '*/*',
        'cache-control': 'no-cache',
        'postman-token': '408d52e4-962f-4937-ae3b-2e74765108d4',
        host: 'localhost:5000',
        'accept-encoding': 'gzip, deflate, br',
        connection: 'keep-alive',
        'content-length': '516'
      },
      method: 'POST',
      httpVersion: '1.1',
      originalUrl: '/products',
      query: {}
    },
    res: { statusCode: 200 },
    responseTime: 28
  },
  level: 'info',
  message: 'POST /products 200 28ms',
  label: 'right meow!',
  timestamp: '2025-02-23 16:49:02'
}
{
  meta: {
    req: {
      url: '/products',
      headers: {
        'content-type': 'application/json',
        authorization: 'Bearer eyJhbGciOiJIUzI1NiIsInR5cCI6IkpXVCJ9.eyJpZCI6NCwiZmlyc3ROYW1lIjoiYXNoa2FuIiwibGFzdE5hbWUiOiJyYW5qYmFyIiwiaXNCbG9ja2VkIjpmYWxzZSwiaWF0IjoxNzQwMzE2NzAyLCJleHAiOjE3NDAzMjAzMDJ9.vNaB9URYVOkdmTQxp97MABQwId02JmtnSisT_dlkMtQ',
        'user-agent': 'PostmanRuntime/7.43.0',
        accept: '*/*',
        'cache-control': 'no-cache',
        'postman-token': 'b5310e32-d4b9-462b-b982-de75c550f88f',
        host: 'localhost:5000',
        'accept-encoding': 'gzip, deflate, br',
        connection: 'keep-alive',
        'content-length': '516'
      },
      method: 'POST',
      httpVersion: '1.1',
      originalUrl: '/products',
      query: {}
    },
    res: { statusCode: 200 },
    responseTime: 20
  },
  level: 'info',
  message: 'POST /products 200 20ms',
  label: 'right meow!',
  timestamp: '2025-02-23 16:49:52'
}
{
  meta: {
    req: {
      url: '/products',
      headers: {
        'content-type': 'application/json',
        authorization: 'Bearer eyJhbGciOiJIUzI1NiIsInR5cCI6IkpXVCJ9.eyJpZCI6NCwiZmlyc3ROYW1lIjoiYXNoa2FuIiwibGFzdE5hbWUiOiJyYW5qYmFyIiwiaXNCbG9ja2VkIjpmYWxzZSwiaWF0IjoxNzQwMzE2NzAyLCJleHAiOjE3NDAzMjAzMDJ9.vNaB9URYVOkdmTQxp97MABQwId02JmtnSisT_dlkMtQ',
        'user-agent': 'PostmanRuntime/7.43.0',
        accept: '*/*',
        'cache-control': 'no-cache',
        'postman-token': 'bb72190a-fc5b-4d9c-be00-227b6bf2fdcf',
        host: 'localhost:5000',
        'accept-encoding': 'gzip, deflate, br',
        connection: 'keep-alive',
        'content-length': '516'
      },
      method: 'POST',
      httpVersion: '1.1',
      originalUrl: '/products',
      query: {}
    },
    res: { statusCode: 200 },
    responseTime: 15
  },
  level: 'info',
  message: 'POST /products 200 15ms',
  label: 'right meow!',
  timestamp: '2025-02-23 16:51:17'
}
{
  meta: {
    req: {
      url: '/products',
      headers: {
        'content-type': 'application/json',
        authorization: 'Bearer eyJhbGciOiJIUzI1NiIsInR5cCI6IkpXVCJ9.eyJpZCI6NCwiZmlyc3ROYW1lIjoiYXNoa2FuIiwibGFzdE5hbWUiOiJyYW5qYmFyIiwiaXNCbG9ja2VkIjpmYWxzZSwiaWF0IjoxNzQwMzE2NzAyLCJleHAiOjE3NDAzMjAzMDJ9.vNaB9URYVOkdmTQxp97MABQwId02JmtnSisT_dlkMtQ',
        'user-agent': 'PostmanRuntime/7.43.0',
        accept: '*/*',
        'cache-control': 'no-cache',
        'postman-token': '4ebeb9ef-603b-4b87-9b30-b86527c857ff',
        host: 'localhost:5000',
        'accept-encoding': 'gzip, deflate, br',
        connection: 'keep-alive',
        'content-length': '516'
      },
      method: 'POST',
      httpVersion: '1.1',
      originalUrl: '/products',
      query: {}
    },
    res: { statusCode: 200 },
    responseTime: 20
  },
  level: 'info',
  message: 'POST /products 200 20ms',
  label: 'right meow!',
  timestamp: '2025-02-23 16:52:02'
}
{
  meta: {
    req: {
      url: '/products',
      headers: {
        'content-type': 'application/json',
        authorization: 'Bearer eyJhbGciOiJIUzI1NiIsInR5cCI6IkpXVCJ9.eyJpZCI6NCwiZmlyc3ROYW1lIjoiYXNoa2FuIiwibGFzdE5hbWUiOiJyYW5qYmFyIiwiaXNCbG9ja2VkIjpmYWxzZSwiaWF0IjoxNzQwMzE2NzAyLCJleHAiOjE3NDAzMjAzMDJ9.vNaB9URYVOkdmTQxp97MABQwId02JmtnSisT_dlkMtQ',
        'user-agent': 'PostmanRuntime/7.43.0',
        accept: '*/*',
        'cache-control': 'no-cache',
        'postman-token': 'a8847d49-d895-432d-b58d-828c83334bb8',
        host: 'localhost:5000',
        'accept-encoding': 'gzip, deflate, br',
        connection: 'keep-alive',
        'content-length': '516'
      },
      method: 'POST',
      httpVersion: '1.1',
      originalUrl: '/products',
      query: {}
    },
    res: { statusCode: 500 },
    responseTime: 68
  },
  level: 'error',
  message: 'POST /products 500 68ms',
  label: 'right meow!',
  timestamp: '2025-02-23 16:53:43'
}
{
  meta: {
    req: {
      url: '/products',
      headers: {
        'content-type': 'application/json',
        authorization: 'Bearer eyJhbGciOiJIUzI1NiIsInR5cCI6IkpXVCJ9.eyJpZCI6NCwiZmlyc3ROYW1lIjoiYXNoa2FuIiwibGFzdE5hbWUiOiJyYW5qYmFyIiwiaXNCbG9ja2VkIjpmYWxzZSwiaWF0IjoxNzQwMzE2NzAyLCJleHAiOjE3NDAzMjAzMDJ9.vNaB9URYVOkdmTQxp97MABQwId02JmtnSisT_dlkMtQ',
        'user-agent': 'PostmanRuntime/7.43.0',
        accept: '*/*',
        'cache-control': 'no-cache',
        'postman-token': 'c90d0938-6032-4e20-adda-04befc7e1ca2',
        host: 'localhost:5000',
        'accept-encoding': 'gzip, deflate, br',
        connection: 'keep-alive',
        'content-length': '516'
      },
      method: 'POST',
      httpVersion: '1.1',
      originalUrl: '/products',
      query: {}
    },
    res: { statusCode: 500 },
    responseTime: 51
  },
  level: 'error',
  message: 'POST /products 500 51ms',
  label: 'right meow!',
  timestamp: '2025-02-23 17:00:47'
}
{
  meta: {
    req: {
      url: '/products',
      headers: {
        'content-type': 'application/json',
        authorization: 'Bearer eyJhbGciOiJIUzI1NiIsInR5cCI6IkpXVCJ9.eyJpZCI6NCwiZmlyc3ROYW1lIjoiYXNoa2FuIiwibGFzdE5hbWUiOiJyYW5qYmFyIiwiaXNCbG9ja2VkIjpmYWxzZSwiaWF0IjoxNzQwMzE2NzAyLCJleHAiOjE3NDAzMjAzMDJ9.vNaB9URYVOkdmTQxp97MABQwId02JmtnSisT_dlkMtQ',
        'user-agent': 'PostmanRuntime/7.43.0',
        accept: '*/*',
        'cache-control': 'no-cache',
        'postman-token': '915d2afd-920c-4652-a1d8-181cf6c2850f',
        host: 'localhost:5000',
        'accept-encoding': 'gzip, deflate, br',
        connection: 'keep-alive',
        'content-length': '516'
      },
      method: 'POST',
      httpVersion: '1.1',
      originalUrl: '/products',
      query: {}
    },
    res: { statusCode: 500 },
    responseTime: 58
  },
  level: 'error',
  message: 'POST /products 500 58ms',
  label: 'right meow!',
  timestamp: '2025-02-23 17:01:30'
}
{
  meta: {
    req: {
      url: '/products',
      headers: {
        'content-type': 'application/json',
        authorization: 'Bearer eyJhbGciOiJIUzI1NiIsInR5cCI6IkpXVCJ9.eyJpZCI6NCwiZmlyc3ROYW1lIjoiYXNoa2FuIiwibGFzdE5hbWUiOiJyYW5qYmFyIiwiaXNCbG9ja2VkIjpmYWxzZSwiaWF0IjoxNzQwMzE2NzAyLCJleHAiOjE3NDAzMjAzMDJ9.vNaB9URYVOkdmTQxp97MABQwId02JmtnSisT_dlkMtQ',
        'user-agent': 'PostmanRuntime/7.43.0',
        accept: '*/*',
        'cache-control': 'no-cache',
        'postman-token': '95b1b1c2-af04-48cd-892d-dd6c4857497c',
        host: 'localhost:5000',
        'accept-encoding': 'gzip, deflate, br',
        connection: 'keep-alive',
        'content-length': '516'
      },
      method: 'POST',
      httpVersion: '1.1',
      originalUrl: '/products',
      query: {}
    },
    res: { statusCode: 500 },
    responseTime: 46
  },
  level: 'error',
  message: 'POST /products 500 46ms',
  label: 'right meow!',
  timestamp: '2025-02-23 17:04:18'
}
{
  meta: {
    req: {
      url: '/products',
      headers: {
        'content-type': 'application/json',
        authorization: 'Bearer eyJhbGciOiJIUzI1NiIsInR5cCI6IkpXVCJ9.eyJpZCI6NCwiZmlyc3ROYW1lIjoiYXNoa2FuIiwibGFzdE5hbWUiOiJyYW5qYmFyIiwiaXNCbG9ja2VkIjpmYWxzZSwiaWF0IjoxNzQwMzE2NzAyLCJleHAiOjE3NDAzMjAzMDJ9.vNaB9URYVOkdmTQxp97MABQwId02JmtnSisT_dlkMtQ',
        'user-agent': 'PostmanRuntime/7.43.0',
        accept: '*/*',
        'cache-control': 'no-cache',
        'postman-token': '57c5448c-fead-4940-a488-4f43df3d603b',
        host: 'localhost:5000',
        'accept-encoding': 'gzip, deflate, br',
        connection: 'keep-alive',
        'content-length': '392'
      },
      method: 'POST',
      httpVersion: '1.1',
      originalUrl: '/products',
      query: {}
    },
    res: { statusCode: 400 },
    responseTime: 20
  },
  level: 'warn',
  message: 'POST /products 400 20ms',
  label: 'right meow!',
  timestamp: '2025-02-23 17:07:14'
}
{
  meta: {
    req: {
      url: '/products',
      headers: {
        'content-type': 'application/json',
        authorization: 'Bearer eyJhbGciOiJIUzI1NiIsInR5cCI6IkpXVCJ9.eyJpZCI6NCwiZmlyc3ROYW1lIjoiYXNoa2FuIiwibGFzdE5hbWUiOiJyYW5qYmFyIiwiaXNCbG9ja2VkIjpmYWxzZSwiaWF0IjoxNzQwMzE2NzAyLCJleHAiOjE3NDAzMjAzMDJ9.vNaB9URYVOkdmTQxp97MABQwId02JmtnSisT_dlkMtQ',
        'user-agent': 'PostmanRuntime/7.43.0',
        accept: '*/*',
        'cache-control': 'no-cache',
        'postman-token': '7c2f1fb0-351a-4e2d-a1bd-16134eac8ccb',
        host: 'localhost:5000',
        'accept-encoding': 'gzip, deflate, br',
        connection: 'keep-alive',
        'content-length': '392'
      },
      method: 'POST',
      httpVersion: '1.1',
      originalUrl: '/products',
      query: {}
    },
    res: { statusCode: 500 },
    responseTime: 53
  },
  level: 'error',
  message: 'POST /products 500 53ms',
  label: 'right meow!',
  timestamp: '2025-02-23 17:10:28'
}
{
  meta: {
    req: {
      url: '/products',
      headers: {
        'content-type': 'application/json',
        authorization: 'Bearer eyJhbGciOiJIUzI1NiIsInR5cCI6IkpXVCJ9.eyJpZCI6NCwiZmlyc3ROYW1lIjoiYXNoa2FuIiwibGFzdE5hbWUiOiJyYW5qYmFyIiwiaXNCbG9ja2VkIjpmYWxzZSwiaWF0IjoxNzQwMzE2NzAyLCJleHAiOjE3NDAzMjAzMDJ9.vNaB9URYVOkdmTQxp97MABQwId02JmtnSisT_dlkMtQ',
        'user-agent': 'PostmanRuntime/7.43.0',
        accept: '*/*',
        'cache-control': 'no-cache',
        'postman-token': 'bf314e63-866a-403f-93ce-974b94075e1d',
        host: 'localhost:5000',
        'accept-encoding': 'gzip, deflate, br',
        connection: 'keep-alive',
        'content-length': '385'
      },
      method: 'POST',
      httpVersion: '1.1',
      originalUrl: '/products',
      query: {}
    },
    res: { statusCode: 500 },
    responseTime: 51
  },
  level: 'error',
  message: 'POST /products 500 51ms',
  label: 'right meow!',
  timestamp: '2025-02-23 17:13:11'
}
{
  meta: {
    req: {
      url: '/products',
      headers: {
        'content-type': 'application/json',
        authorization: 'Bearer eyJhbGciOiJIUzI1NiIsInR5cCI6IkpXVCJ9.eyJpZCI6NCwiZmlyc3ROYW1lIjoiYXNoa2FuIiwibGFzdE5hbWUiOiJyYW5qYmFyIiwiaXNCbG9ja2VkIjpmYWxzZSwiaWF0IjoxNzQwMzE2NzAyLCJleHAiOjE3NDAzMjAzMDJ9.vNaB9URYVOkdmTQxp97MABQwId02JmtnSisT_dlkMtQ',
        'user-agent': 'PostmanRuntime/7.43.0',
        accept: '*/*',
        'cache-control': 'no-cache',
        'postman-token': '7da25f9f-f27a-4fc4-85f6-426de634eb08',
        host: 'localhost:5000',
        'accept-encoding': 'gzip, deflate, br',
        connection: 'keep-alive',
        'content-length': '385'
      },
      method: 'POST',
      httpVersion: '1.1',
      originalUrl: '/products',
      query: {}
    },
    res: { statusCode: 200 },
    responseTime: 45
  },
  level: 'info',
  message: 'POST /products 200 45ms',
  label: 'right meow!',
  timestamp: '2025-02-23 17:17:08'
}
{
  meta: {
    req: {
      url: '/products',
      headers: {
        'user-agent': 'PostmanRuntime/7.43.0',
        accept: '*/*',
        'cache-control': 'no-cache',
        'postman-token': 'f04105a3-903f-446b-82f9-ce660f9f624b',
        host: 'localhost:5000',
        'accept-encoding': 'gzip, deflate, br',
        connection: 'keep-alive'
      },
      method: 'GET',
      httpVersion: '1.1',
      originalUrl: '/products',
      query: {}
    },
    res: { statusCode: 200 },
    responseTime: 19
  },
  level: 'info',
  message: 'GET /products 200 19ms',
  label: 'right meow!',
  timestamp: '2025-02-23 17:25:37'
}
{
  meta: {
    req: {
      url: '/products/4',
      headers: {
        'content-type': 'application/json',
        'user-agent': 'PostmanRuntime/7.43.0',
        accept: '*/*',
        'cache-control': 'no-cache',
        'postman-token': '43779ed0-e2b5-46f9-9826-21448fa070d1',
        host: 'localhost:5000',
        'accept-encoding': 'gzip, deflate, br',
        connection: 'keep-alive',
        'content-length': '524'
      },
      method: 'PUT',
      httpVersion: '1.1',
      originalUrl: '/products/4',
      query: {}
    },
    res: { statusCode: 401 },
    responseTime: 1
  },
  level: 'warn',
  message: 'PUT /products/4 401 1ms',
  label: 'right meow!',
  timestamp: '2025-02-23 17:27:34'
}
{
  meta: {
    req: {
      url: '/products/4',
      headers: {
        'content-type': 'application/json',
        authorization: 'Bearer eyJhbGciOiJIUzI1NiIsInR5cCI6IkpXVCJ9.eyJpZCI6NCwiZmlyc3ROYW1lIjoiYXNoa2FuIiwibGFzdE5hbWUiOiJyYW5qYmFyIiwiaXNCbG9ja2VkIjpmYWxzZSwiaWF0IjoxNzQwMzE2NzAyLCJleHAiOjE3NDAzMjAzMDJ9.vNaB9URYVOkdmTQxp97MABQwId02JmtnSisT_dlkMtQ',
        'user-agent': 'PostmanRuntime/7.43.0',
        accept: '*/*',
        'cache-control': 'no-cache',
        'postman-token': '97bcfa57-c90f-43df-8379-a514b26826ab',
        host: 'localhost:5000',
        'accept-encoding': 'gzip, deflate, br',
        connection: 'keep-alive',
        'content-length': '524'
      },
      method: 'PUT',
      httpVersion: '1.1',
      originalUrl: '/products/4',
      query: {}
    },
    res: { statusCode: 400 },
    responseTime: 5
  },
  level: 'warn',
  message: 'PUT /products/4 400 5ms',
  label: 'right meow!',
  timestamp: '2025-02-23 17:27:42'
}
{
  meta: {
    req: {
      url: '/products/4',
      headers: {
        'content-type': 'application/json',
        authorization: 'Bearer eyJhbGciOiJIUzI1NiIsInR5cCI6IkpXVCJ9.eyJpZCI6NCwiZmlyc3ROYW1lIjoiYXNoa2FuIiwibGFzdE5hbWUiOiJyYW5qYmFyIiwiaXNCbG9ja2VkIjpmYWxzZSwiaWF0IjoxNzQwMzE2NzAyLCJleHAiOjE3NDAzMjAzMDJ9.vNaB9URYVOkdmTQxp97MABQwId02JmtnSisT_dlkMtQ',
        'user-agent': 'PostmanRuntime/7.43.0',
        accept: '*/*',
        'cache-control': 'no-cache',
        'postman-token': '663c3427-a14b-4bad-b31e-c8938a363ac9',
        host: 'localhost:5000',
        'accept-encoding': 'gzip, deflate, br',
        connection: 'keep-alive',
        'content-length': '393'
      },
      method: 'PUT',
      httpVersion: '1.1',
      originalUrl: '/products/4',
      query: {}
    },
    res: { statusCode: 500 },
    responseTime: 34
  },
  level: 'error',
  message: 'PUT /products/4 500 34ms',
  label: 'right meow!',
  timestamp: '2025-02-23 17:29:24'
}
{
  meta: {
    req: {
      url: '/products/4',
      headers: {
        'content-type': 'application/json',
        authorization: 'Bearer eyJhbGciOiJIUzI1NiIsInR5cCI6IkpXVCJ9.eyJpZCI6NCwiZmlyc3ROYW1lIjoiYXNoa2FuIiwibGFzdE5hbWUiOiJyYW5qYmFyIiwiaXNCbG9ja2VkIjpmYWxzZSwiaWF0IjoxNzQwMzE2NzAyLCJleHAiOjE3NDAzMjAzMDJ9.vNaB9URYVOkdmTQxp97MABQwId02JmtnSisT_dlkMtQ',
        'user-agent': 'PostmanRuntime/7.43.0',
        accept: '*/*',
        'cache-control': 'no-cache',
        'postman-token': 'f41d28ff-39b1-4f6f-bc10-113ae1788c18',
        host: 'localhost:5000',
        'accept-encoding': 'gzip, deflate, br',
        connection: 'keep-alive',
        'content-length': '393'
      },
      method: 'PUT',
      httpVersion: '1.1',
      originalUrl: '/products/4',
      query: {}
    },
    res: { statusCode: 200 },
    responseTime: 26
  },
  level: 'info',
  message: 'PUT /products/4 200 26ms',
  label: 'right meow!',
  timestamp: '2025-02-23 17:30:06'
}
{
  meta: {
    req: {
      url: '/products/4',
      headers: {
        'user-agent': 'PostmanRuntime/7.43.0',
        accept: '*/*',
        'cache-control': 'no-cache',
        'postman-token': '9b9c4c9c-0f11-44f1-a1f6-cf13966f339d',
        host: 'localhost:5000',
        'accept-encoding': 'gzip, deflate, br',
        connection: 'keep-alive'
      },
      method: 'GET',
      httpVersion: '1.1',
      originalUrl: '/products/4',
      query: {}
    },
    res: { statusCode: 200 },
    responseTime: 11
  },
  level: 'info',
  message: 'GET /products/4 200 11ms',
  label: 'right meow!',
  timestamp: '2025-02-23 17:30:22'
}
{
  meta: {
    req: {
      url: '//productitem/:id',
      headers: {
        'content-type': 'application/json',
        authorization: 'Bearer eyJhbGciOiJIUzI1NiIsInR5cCI6IkpXVCJ9.eyJpZCI6NCwiZmlyc3ROYW1lIjoiYXNoa2FuIiwibGFzdE5hbWUiOiJyYW5qYmFyIiwiaXNCbG9ja2VkIjpmYWxzZSwiaWF0IjoxNzQwMzE2NzAyLCJleHAiOjE3NDAzMjAzMDJ9.vNaB9URYVOkdmTQxp97MABQwId02JmtnSisT_dlkMtQ',
        'user-agent': 'PostmanRuntime/7.43.0',
        accept: '*/*',
        'cache-control': 'no-cache',
        'postman-token': '7d55f08e-161d-49b3-9278-889e323c8baf',
        host: 'localhost:5000',
        'accept-encoding': 'gzip, deflate, br',
        connection: 'keep-alive',
        'content-length': '325'
      },
      method: 'POST',
      httpVersion: '1.1',
      originalUrl: '//productitem/:id',
      query: {}
    },
    res: { statusCode: 404 },
    responseTime: 1
  },
  level: 'warn',
  message: 'POST //productitem/:id 404 1ms',
  label: 'right meow!',
  timestamp: '2025-02-23 17:47:40'
}
{
  meta: {
    req: {
      url: '//productitem/4',
      headers: {
        'content-type': 'application/json',
        authorization: 'Bearer eyJhbGciOiJIUzI1NiIsInR5cCI6IkpXVCJ9.eyJpZCI6NCwiZmlyc3ROYW1lIjoiYXNoa2FuIiwibGFzdE5hbWUiOiJyYW5qYmFyIiwiaXNCbG9ja2VkIjpmYWxzZSwiaWF0IjoxNzQwMzE2NzAyLCJleHAiOjE3NDAzMjAzMDJ9.vNaB9URYVOkdmTQxp97MABQwId02JmtnSisT_dlkMtQ',
        'user-agent': 'PostmanRuntime/7.43.0',
        accept: '*/*',
        'cache-control': 'no-cache',
        'postman-token': '49a7c52a-8d99-4dc4-bccc-19879b37c951',
        host: 'localhost:5000',
        'accept-encoding': 'gzip, deflate, br',
        connection: 'keep-alive',
        'content-length': '325'
      },
      method: 'POST',
      httpVersion: '1.1',
      originalUrl: '//productitem/4',
      query: {}
    },
    res: { statusCode: 404 },
    responseTime: 1
  },
  level: 'warn',
  message: 'POST //productitem/4 404 1ms',
  label: 'right meow!',
  timestamp: '2025-02-23 17:48:00'
}
{
  meta: {
    req: {
      url: '/productitem/4',
      headers: {
        'content-type': 'application/json',
        authorization: 'Bearer eyJhbGciOiJIUzI1NiIsInR5cCI6IkpXVCJ9.eyJpZCI6NCwiZmlyc3ROYW1lIjoiYXNoa2FuIiwibGFzdE5hbWUiOiJyYW5qYmFyIiwiaXNCbG9ja2VkIjpmYWxzZSwiaWF0IjoxNzQwMzE2NzAyLCJleHAiOjE3NDAzMjAzMDJ9.vNaB9URYVOkdmTQxp97MABQwId02JmtnSisT_dlkMtQ',
        'user-agent': 'PostmanRuntime/7.43.0',
        accept: '*/*',
        'cache-control': 'no-cache',
        'postman-token': 'a5f64c09-0439-4d30-b1c0-1628b5595a88',
        host: 'localhost:5000',
        'accept-encoding': 'gzip, deflate, br',
        connection: 'keep-alive',
        'content-length': '325'
      },
      method: 'POST',
      httpVersion: '1.1',
      originalUrl: '/productitem/4',
      query: {}
    },
    res: { statusCode: 500 },
    responseTime: 17
  },
  level: 'error',
  message: 'POST /productitem/4 500 17ms',
  label: 'right meow!',
  timestamp: '2025-02-23 17:48:14'
}
{
  meta: {
    req: {
      url: '/productitem/4',
      headers: {
        'content-type': 'application/json',
        authorization: 'Bearer eyJhbGciOiJIUzI1NiIsInR5cCI6IkpXVCJ9.eyJpZCI6NCwiZmlyc3ROYW1lIjoiYXNoa2FuIiwibGFzdE5hbWUiOiJyYW5qYmFyIiwiaXNCbG9ja2VkIjpmYWxzZSwiaWF0IjoxNzQwMzE2NzAyLCJleHAiOjE3NDAzMjAzMDJ9.vNaB9URYVOkdmTQxp97MABQwId02JmtnSisT_dlkMtQ',
        'user-agent': 'PostmanRuntime/7.43.0',
        accept: '*/*',
        'cache-control': 'no-cache',
        'postman-token': '543d287e-a71f-44ba-aadf-af5fc160b054',
        host: 'localhost:5000',
        'accept-encoding': 'gzip, deflate, br',
        connection: 'keep-alive',
        'content-length': '328'
      },
      method: 'POST',
      httpVersion: '1.1',
      originalUrl: '/productitem/4',
      query: {}
    },
    res: { statusCode: 401 },
    responseTime: 12
  },
  level: 'warn',
  message: 'POST /productitem/4 401 12ms',
  label: 'right meow!',
  timestamp: '2025-02-23 18:00:18'
}
{
  meta: {
    req: {
      url: '/productitem/4',
      headers: {
        'content-type': 'application/json',
        authorization: 'Bearer eyJhbGciOiJIUzI1NiIsInR5cCI6IkpXVCJ9.eyJpZCI6NCwiZmlyc3ROYW1lIjoiYXNoa2FuIiwibGFzdE5hbWUiOiJyYW5qYmFyIiwiaXNCbG9ja2VkIjpmYWxzZSwiaWF0IjoxNzQwMzE2NzAyLCJleHAiOjE3NDAzMjAzMDJ9.vNaB9URYVOkdmTQxp97MABQwId02JmtnSisT_dlkMtQ',
        'user-agent': 'PostmanRuntime/7.43.0',
        accept: '*/*',
        'cache-control': 'no-cache',
        'postman-token': 'cb065b66-84c3-4237-8262-a62ecf8976f1',
        host: 'localhost:5000',
        'accept-encoding': 'gzip, deflate, br',
        connection: 'keep-alive',
        'content-length': '328'
      },
      method: 'POST',
      httpVersion: '1.1',
      originalUrl: '/productitem/4',
      query: {}
    },
    res: { statusCode: 500 },
    responseTime: 37
  },
  level: 'error',
  message: 'POST /productitem/4 500 37ms',
  label: 'right meow!',
  timestamp: '2025-02-23 18:00:46'
}
{
  meta: {
    req: {
      url: '/productitem/4',
      headers: {
        'content-type': 'application/json',
        authorization: 'Bearer eyJhbGciOiJIUzI1NiIsInR5cCI6IkpXVCJ9.eyJpZCI6NCwiZmlyc3ROYW1lIjoiYXNoa2FuIiwibGFzdE5hbWUiOiJyYW5qYmFyIiwiaXNCbG9ja2VkIjpmYWxzZSwiaWF0IjoxNzQwMzE2NzAyLCJleHAiOjE3NDAzMjAzMDJ9.vNaB9URYVOkdmTQxp97MABQwId02JmtnSisT_dlkMtQ',
        'user-agent': 'PostmanRuntime/7.43.0',
        accept: '*/*',
        'cache-control': 'no-cache',
        'postman-token': 'f63cc788-984e-4617-988f-9073720b973a',
        host: 'localhost:5000',
        'accept-encoding': 'gzip, deflate, br',
        connection: 'keep-alive',
        'content-length': '328'
      },
      method: 'POST',
      httpVersion: '1.1',
      originalUrl: '/productitem/4',
      query: {}
    },
    res: { statusCode: 500 },
    responseTime: 32
  },
  level: 'error',
  message: 'POST /productitem/4 500 32ms',
  label: 'right meow!',
  timestamp: '2025-02-23 18:01:42'
}
{
  meta: {
    req: {
      url: '/productitem/4',
      headers: {
        'content-type': 'application/json',
        authorization: 'Bearer eyJhbGciOiJIUzI1NiIsInR5cCI6IkpXVCJ9.eyJpZCI6NCwiZmlyc3ROYW1lIjoiYXNoa2FuIiwibGFzdE5hbWUiOiJyYW5qYmFyIiwiaXNCbG9ja2VkIjpmYWxzZSwiaWF0IjoxNzQwMzE2NzAyLCJleHAiOjE3NDAzMjAzMDJ9.vNaB9URYVOkdmTQxp97MABQwId02JmtnSisT_dlkMtQ',
        'user-agent': 'PostmanRuntime/7.43.0',
        accept: '*/*',
        'cache-control': 'no-cache',
        'postman-token': 'b381e415-5769-4b20-b5aa-bb3a829ce9dd',
        host: 'localhost:5000',
        'accept-encoding': 'gzip, deflate, br',
        connection: 'keep-alive',
        'content-length': '328'
      },
      method: 'POST',
      httpVersion: '1.1',
      originalUrl: '/productitem/4',
      query: {}
    },
    res: { statusCode: 500 },
    responseTime: 44
  },
  level: 'error',
  message: 'POST /productitem/4 500 44ms',
  label: 'right meow!',
  timestamp: '2025-02-23 18:02:05'
}
{
  meta: {
    req: {
      url: '/productitem/4',
      headers: {
        'content-type': 'application/json',
        authorization: 'Bearer eyJhbGciOiJIUzI1NiIsInR5cCI6IkpXVCJ9.eyJpZCI6NCwiZmlyc3ROYW1lIjoiYXNoa2FuIiwibGFzdE5hbWUiOiJyYW5qYmFyIiwiaXNCbG9ja2VkIjpmYWxzZSwiaWF0IjoxNzQwMzE2NzAyLCJleHAiOjE3NDAzMjAzMDJ9.vNaB9URYVOkdmTQxp97MABQwId02JmtnSisT_dlkMtQ',
        'user-agent': 'PostmanRuntime/7.43.0',
        accept: '*/*',
        'cache-control': 'no-cache',
        'postman-token': 'e5f00fb7-15c9-48d3-8e2b-1d00e0f7461d',
        host: 'localhost:5000',
        'accept-encoding': 'gzip, deflate, br',
        connection: 'keep-alive',
        'content-length': '328'
      },
      method: 'POST',
      httpVersion: '1.1',
      originalUrl: '/productitem/4',
      query: {}
    },
    res: { statusCode: 500 },
    responseTime: 43
  },
  level: 'error',
  message: 'POST /productitem/4 500 43ms',
  label: 'right meow!',
  timestamp: '2025-02-23 18:04:16'
}
{
  meta: {
    req: {
      url: '/productitem/4',
      headers: {
        'content-type': 'application/json',
        authorization: 'Bearer eyJhbGciOiJIUzI1NiIsInR5cCI6IkpXVCJ9.eyJpZCI6NCwiZmlyc3ROYW1lIjoiYXNoa2FuIiwibGFzdE5hbWUiOiJyYW5qYmFyIiwiaXNCbG9ja2VkIjpmYWxzZSwiaWF0IjoxNzQwMzE2NzAyLCJleHAiOjE3NDAzMjAzMDJ9.vNaB9URYVOkdmTQxp97MABQwId02JmtnSisT_dlkMtQ',
        'user-agent': 'PostmanRuntime/7.43.0',
        accept: '*/*',
        'cache-control': 'no-cache',
        'postman-token': '080f995d-2489-4ed9-9d80-dc70769feede',
        host: 'localhost:5000',
        'accept-encoding': 'gzip, deflate, br',
        connection: 'keep-alive',
        'content-length': '328'
      },
      method: 'POST',
      httpVersion: '1.1',
      originalUrl: '/productitem/4',
      query: {}
    },
    res: { statusCode: 500 },
    responseTime: 45
  },
  level: 'error',
  message: 'POST /productitem/4 500 45ms',
  label: 'right meow!',
  timestamp: '2025-02-23 18:05:11'
}
{
  meta: {
    req: {
      url: '/productitem/4',
      headers: {
        'content-type': 'application/json',
        authorization: 'Bearer eyJhbGciOiJIUzI1NiIsInR5cCI6IkpXVCJ9.eyJpZCI6NCwiZmlyc3ROYW1lIjoiYXNoa2FuIiwibGFzdE5hbWUiOiJyYW5qYmFyIiwiaXNCbG9ja2VkIjpmYWxzZSwiaWF0IjoxNzQwMzE2NzAyLCJleHAiOjE3NDAzMjAzMDJ9.vNaB9URYVOkdmTQxp97MABQwId02JmtnSisT_dlkMtQ',
        'user-agent': 'PostmanRuntime/7.43.0',
        accept: '*/*',
        'cache-control': 'no-cache',
        'postman-token': 'f18c6fa3-4e63-46c3-bbb2-54fff3e47160',
        host: 'localhost:5000',
        'accept-encoding': 'gzip, deflate, br',
        connection: 'keep-alive',
        'content-length': '328'
      },
      method: 'POST',
      httpVersion: '1.1',
      originalUrl: '/productitem/4',
      query: {}
    },
    res: { statusCode: 500 },
    responseTime: 45
  },
  level: 'error',
  message: 'POST /productitem/4 500 45ms',
  label: 'right meow!',
  timestamp: '2025-02-23 18:06:00'
}
{
  meta: {
    req: {
      url: '/productitem/4',
      headers: {
        'content-type': 'application/json',
        authorization: 'Bearer eyJhbGciOiJIUzI1NiIsInR5cCI6IkpXVCJ9.eyJpZCI6NCwiZmlyc3ROYW1lIjoiYXNoa2FuIiwibGFzdE5hbWUiOiJyYW5qYmFyIiwiaXNCbG9ja2VkIjpmYWxzZSwiaWF0IjoxNzQwMzE2NzAyLCJleHAiOjE3NDAzMjAzMDJ9.vNaB9URYVOkdmTQxp97MABQwId02JmtnSisT_dlkMtQ',
        'user-agent': 'PostmanRuntime/7.43.0',
        accept: '*/*',
        'cache-control': 'no-cache',
        'postman-token': 'dd7de53a-97fb-493e-a9cd-bd776a4319ef',
        host: 'localhost:5000',
        'accept-encoding': 'gzip, deflate, br',
        connection: 'keep-alive',
        'content-length': '328'
      },
      method: 'POST',
      httpVersion: '1.1',
      originalUrl: '/productitem/4',
      query: {}
    },
    res: { statusCode: 500 },
    responseTime: 54
  },
  level: 'error',
  message: 'POST /productitem/4 500 54ms',
  label: 'right meow!',
  timestamp: '2025-02-23 18:07:35'
}
{
  meta: {
    req: {
      url: '/productitem/4',
      headers: {
        'content-type': 'application/json',
        authorization: 'Bearer eyJhbGciOiJIUzI1NiIsInR5cCI6IkpXVCJ9.eyJpZCI6NCwiZmlyc3ROYW1lIjoiYXNoa2FuIiwibGFzdE5hbWUiOiJyYW5qYmFyIiwiaXNCbG9ja2VkIjpmYWxzZSwiaWF0IjoxNzQwMzE2NzAyLCJleHAiOjE3NDAzMjAzMDJ9.vNaB9URYVOkdmTQxp97MABQwId02JmtnSisT_dlkMtQ',
        'user-agent': 'PostmanRuntime/7.43.0',
        accept: '*/*',
        'cache-control': 'no-cache',
        'postman-token': '8dec7eda-a558-401f-b500-99d93aba353c',
        host: 'localhost:5000',
        'accept-encoding': 'gzip, deflate, br',
        connection: 'keep-alive',
        'content-length': '328'
      },
      method: 'POST',
      httpVersion: '1.1',
      originalUrl: '/productitem/4',
      query: {}
    },
    res: { statusCode: 500 },
    responseTime: 54
  },
  level: 'error',
  message: 'POST /productitem/4 500 54ms',
  label: 'right meow!',
  timestamp: '2025-02-23 18:09:28'
}
{
  meta: {
    req: {
      url: '/productitem/4',
      headers: {
        'content-type': 'application/json',
        authorization: 'Bearer eyJhbGciOiJIUzI1NiIsInR5cCI6IkpXVCJ9.eyJpZCI6NCwiZmlyc3ROYW1lIjoiYXNoa2FuIiwibGFzdE5hbWUiOiJyYW5qYmFyIiwiaXNCbG9ja2VkIjpmYWxzZSwiaWF0IjoxNzQwMzE2NzAyLCJleHAiOjE3NDAzMjAzMDJ9.vNaB9URYVOkdmTQxp97MABQwId02JmtnSisT_dlkMtQ',
        'user-agent': 'PostmanRuntime/7.43.0',
        accept: '*/*',
        'cache-control': 'no-cache',
        'postman-token': 'a935e9fa-a4ef-4b7e-85bd-6f8c8b43b3fd',
        host: 'localhost:5000',
        'accept-encoding': 'gzip, deflate, br',
        connection: 'keep-alive',
        'content-length': '322'
      },
      method: 'POST',
      httpVersion: '1.1',
      originalUrl: '/productitem/4',
      query: {}
    },
    res: { statusCode: 500 },
    responseTime: 69
  },
  level: 'error',
  message: 'POST /productitem/4 500 69ms',
  label: 'right meow!',
  timestamp: '2025-02-23 18:11:56'
}
{
  meta: {
    req: {
      url: '/productitem/4',
      headers: {
        'content-type': 'application/json',
        authorization: 'Bearer eyJhbGciOiJIUzI1NiIsInR5cCI6IkpXVCJ9.eyJpZCI6NCwiZmlyc3ROYW1lIjoiYXNoa2FuIiwibGFzdE5hbWUiOiJyYW5qYmFyIiwiaXNCbG9ja2VkIjpmYWxzZSwiaWF0IjoxNzQwMzE2NzAyLCJleHAiOjE3NDAzMjAzMDJ9.vNaB9URYVOkdmTQxp97MABQwId02JmtnSisT_dlkMtQ',
        'user-agent': 'PostmanRuntime/7.43.0',
        accept: '*/*',
        'cache-control': 'no-cache',
        'postman-token': '9d2bad02-a2e5-4fb8-ae0c-c69b179ce625',
        host: 'localhost:5000',
        'accept-encoding': 'gzip, deflate, br',
        connection: 'keep-alive',
        'content-length': '322'
      },
      method: 'POST',
      httpVersion: '1.1',
      originalUrl: '/productitem/4',
      query: {}
    },
    res: { statusCode: 200 },
    responseTime: 37
  },
  level: 'info',
  message: 'POST /productitem/4 200 37ms',
  label: 'right meow!',
  timestamp: '2025-02-23 18:12:40'
}
{
  meta: {
    req: {
      url: '/productitem/4',
      headers: {
        'content-type': 'application/json',
        authorization: 'Bearer eyJhbGciOiJIUzI1NiIsInR5cCI6IkpXVCJ9.eyJpZCI6NCwiZmlyc3ROYW1lIjoiYXNoa2FuIiwibGFzdE5hbWUiOiJyYW5qYmFyIiwiaXNCbG9ja2VkIjpmYWxzZSwiaWF0IjoxNzQwMzE2NzAyLCJleHAiOjE3NDAzMjAzMDJ9.vNaB9URYVOkdmTQxp97MABQwId02JmtnSisT_dlkMtQ',
        'user-agent': 'PostmanRuntime/7.43.0',
        accept: '*/*',
        'cache-control': 'no-cache',
        'postman-token': '5698b4ee-3093-4640-801b-86c3057c344e',
        host: 'localhost:5000',
        'accept-encoding': 'gzip, deflate, br',
        connection: 'keep-alive',
        'content-length': '324'
      },
      method: 'POST',
      httpVersion: '1.1',
      originalUrl: '/productitem/4',
      query: {}
    },
    res: { statusCode: 200 },
    responseTime: 23
  },
  level: 'info',
  message: 'POST /productitem/4 200 23ms',
  label: 'right meow!',
  timestamp: '2025-02-23 18:13:20'
}
{
  meta: {
    req: {
      url: '/productitem/4',
      headers: {
        'content-type': 'application/json',
        authorization: 'Bearer eyJhbGciOiJIUzI1NiIsInR5cCI6IkpXVCJ9.eyJpZCI6NCwiZmlyc3ROYW1lIjoiYXNoa2FuIiwibGFzdE5hbWUiOiJyYW5qYmFyIiwiaXNCbG9ja2VkIjpmYWxzZSwiaWF0IjoxNzQwMzE2NzAyLCJleHAiOjE3NDAzMjAzMDJ9.vNaB9URYVOkdmTQxp97MABQwId02JmtnSisT_dlkMtQ',
        'user-agent': 'PostmanRuntime/7.43.0',
        accept: '*/*',
        'cache-control': 'no-cache',
        'postman-token': '59d3b568-fe0a-4bad-a76f-fa84905a009d',
        host: 'localhost:5000',
        'accept-encoding': 'gzip, deflate, br',
        connection: 'keep-alive',
        'content-length': '324'
      },
      method: 'POST',
      httpVersion: '1.1',
      originalUrl: '/productitem/4',
      query: {}
    },
    res: { statusCode: 200 },
    responseTime: 53
  },
  level: 'info',
  message: 'POST /productitem/4 200 53ms',
  label: 'right meow!',
  timestamp: '2025-02-23 18:13:47'
}
{
  meta: {
    req: {
      url: '/productitem/4',
      headers: {
        'content-type': 'application/json',
        authorization: 'Bearer eyJhbGciOiJIUzI1NiIsInR5cCI6IkpXVCJ9.eyJpZCI6NCwiZmlyc3ROYW1lIjoiYXNoa2FuIiwibGFzdE5hbWUiOiJyYW5qYmFyIiwiaXNCbG9ja2VkIjpmYWxzZSwiaWF0IjoxNzQwMzE2NzAyLCJleHAiOjE3NDAzMjAzMDJ9.vNaB9URYVOkdmTQxp97MABQwId02JmtnSisT_dlkMtQ',
        'user-agent': 'PostmanRuntime/7.43.0',
        accept: '*/*',
        'cache-control': 'no-cache',
        'postman-token': '09890f69-3b99-48de-ac48-aa403bbde5ae',
        host: 'localhost:5000',
        'accept-encoding': 'gzip, deflate, br',
        connection: 'keep-alive',
        'content-length': '324'
      },
      method: 'POST',
      httpVersion: '1.1',
      originalUrl: '/productitem/4',
      query: {}
    },
    res: { statusCode: 200 },
    responseTime: 72
  },
  level: 'info',
  message: 'POST /productitem/4 200 72ms',
  label: 'right meow!',
  timestamp: '2025-02-23 18:15:25'
}
{
  meta: {
    req: {
      url: '/products',
      headers: {
        'user-agent': 'PostmanRuntime/7.43.0',
        accept: '*/*',
        'cache-control': 'no-cache',
        'postman-token': '71803cbb-a694-476a-a9d0-c50693e716b5',
        host: 'localhost:5000',
        'accept-encoding': 'gzip, deflate, br',
        connection: 'keep-alive'
      },
      method: 'GET',
      httpVersion: '1.1',
      originalUrl: '/products',
      query: {}
    },
    res: { statusCode: 200 },
    responseTime: 22
  },
  level: 'info',
  message: 'GET /products 200 22ms',
  label: 'right meow!',
  timestamp: '2025-02-23 18:16:08'
}
{
  meta: {
    req: {
      url: '/singelitem/10',
      headers: {
        'user-agent': 'PostmanRuntime/7.43.0',
        accept: '*/*',
        'cache-control': 'no-cache',
        'postman-token': 'a3570406-ad1d-4f68-bb75-731618b9e5ed',
        host: 'localhost:5000',
        'accept-encoding': 'gzip, deflate, br',
        connection: 'keep-alive'
      },
      method: 'GET',
      httpVersion: '1.1',
      originalUrl: '/singelitem/10',
      query: {}
    },
    res: { statusCode: 200 },
    responseTime: 28
  },
  level: 'info',
  message: 'GET /singelitem/10 200 28ms',
  label: 'right meow!',
  timestamp: '2025-02-23 18:18:18'
}
